<?xml version="1.0" encoding="UTF-8"?>
<!-- Generated by org.testng.reporters.JUnitXMLReporter -->
<testsuite hostname="SuchenComputer" ignored="5" name="Default test" tests="1" failures="0" timestamp="2021-01-31T06:30:27 EST" time="7.101" errors="0">
  <testcase name="autoSuggestion" time="5.478" classname="actions.MouseOperations"/>
  <testcase name="dragAnddrop" time="0.0" classname="actions.MouseOperations">
    <ignored/>
  </testcase> <!-- dragAnddrop -->
  <testcase name="MoveToelement" time="0.0" classname="actions.MouseOperations">
    <ignored/>
  </testcase> <!-- MoveToelement -->
  <testcase name="resizeMethod" time="0.0" classname="actions.MouseOperations">
    <ignored/>
  </testcase> <!-- resizeMethod -->
  <testcase name="slider" time="0.0" classname="actions.MouseOperations">
    <ignored/>
  </testcase> <!-- slider -->
  <testcase name="Browserslider" time="0.0" classname="actions.MouseOperations">
    <ignored/>
  </testcase> <!-- Browserslider -->
</testsuite> <!-- Default test -->
