<?xml version="1.0" encoding="UTF-8"?>
<!-- Generated by org.testng.reporters.JUnitXMLReporter -->
<testsuite hostname="SuchenComputer" ignored="1" name="SampleTest" tests="4" failures="0" timestamp="2020-12-25T20:57:08 EST" time="8.688" errors="0">
  <testcase name="f" time="0.004" classname="com.project.MavenBuild.NewTest"/>
  <testcase name="amazon" time="1.005" classname="com.project.MavenBuild.TNG_002"/>
  <testcase name="f" time="0.0" classname="com.project.MavenBuild.TNG_001"/>
  <testcase name="z" time="0.001" classname="com.project.MavenBuild.TNG_001"/>
  <testcase name="a" time="0.0" classname="com.project.MavenBuild.TNG_001">
    <ignored/>
  </testcase> <!-- a -->
</testsuite> <!-- SampleTest -->
