<?xml version="1.0" encoding="UTF-8"?>
<!-- Generated by org.testng.reporters.JUnitXMLReporter -->
<testsuite hostname="SuchenComputer" ignored="1" name="Test" tests="5" failures="0" timestamp="2020-12-25T21:06:38 EST" time="7.704" errors="0">
  <testcase name="f" time="0.003" classname="com.project.MavenBuild.NewTest"/>
  <testcase name="f" time="0.0" classname="com.project.MavenBuild1.NewTest2"/>
  <testcase name="amazon" time="0.293" classname="com.project.MavenBuild.TNG_002"/>
  <testcase name="f" time="0.001" classname="com.project.MavenBuild.TNG_001"/>
  <testcase name="z" time="0.0" classname="com.project.MavenBuild.TNG_001"/>
  <testcase name="a" time="0.0" classname="com.project.MavenBuild.TNG_001">
    <ignored/>
  </testcase> <!-- a -->
</testsuite> <!-- Test -->
