<?xml version="1.0" encoding="UTF-8"?>
<!-- Generated by org.testng.reporters.JUnitXMLReporter -->
<testsuite hostname="SuchenComputer" ignored="0" name="BatchTest" tests="3" failures="0" timestamp="2020-12-29T17:48:03 EST" time="50.672" errors="0">
  <testcase name="checkboxTest" time="0.148" classname="com.project.MavenBuild.CheckBox1"/>
  <testcase name="radioButtonTest" time="0.145" classname="com.project.MavenBuild.RadioButton1"/>
  <testcase name="amazon" time="1.719" classname="com.project.MavenBuild.TNG_002"/>
</testsuite> <!-- BatchTest -->
